READING STRUCTURE...
../hfcpp -s CH4.xyz -b ../6-311+g\*\*.d2k -n 5 -d ch4_d.cube -w ch4_w.cube -o 6 --buffer 3 > ch4.log

READING BASIS FUNCTIONS...
SOLVING...
CALCULATION DID CONVERGE!
Orbital Energies:
-10.8092354
 -0.9477728
 -0.5471212
 -0.5471172
 -0.5471164
  0.0737621
  0.1095902
  0.1095905
  0.1095906
  0.2736263
  0.2736266
  0.2736284
  0.3136578
  0.5331578
  0.5331584
  0.5331585
  0.8087276
  0.8472987
  0.8472992
  0.8473040
  0.9812015
  1.1958790
  1.1958802
  1.7344388
  1.7344411
  1.7344427
  1.7624153
  1.7624159
  1.7624176
  2.1568570
  2.1568587
  2.1568604
  2.2680386
  2.5849480
  2.5849560
  2.5849597
  2.6448691
  2.6448712
  2.8329444
  2.8329468
  2.8329560
  3.1164149
  3.5805951
  3.8161046
  3.8161084
  3.8161149
 23.0641606
HF-Energy = -52.6996405
INR-Energy = 13.6865402
Total energy = -39.0131003
WRITING CUBE OUTPUT...
