../hfcpp -s H2O.xyz -b ../6-311+g\*\*.d2k -n 5 -d h2o_d.cube -w h2o_w.cube -o 6 --buffer 4 > h2o.log

READING STRUCTURE...
READING BASIS FUNCTIONS...
SOLVING...
CALCULATION DID CONVERGE!
Orbital Energies:
-19.9325731
 -1.3452345
 -0.7036485
 -0.5760348
 -0.5018003
  0.1359725
  0.2081571
  0.2430677
  0.2463384
  0.2621172
  0.3033693
  0.6511919
  0.6628023
  1.1945684
  1.2135888
  1.2748810
  1.4267562
  1.4894529
  1.5209991
  1.6980613
  1.8891707
  2.0855994
  2.1355105
  2.4911499
  2.6213285
  3.4222487
  3.4709962
  3.6331624
  4.0162167
  4.1989241
  5.0387891
  5.3499649
  5.6393993
  6.6086715
 48.9652873
HF-Energy = -82.7724404
INR-Energy = 8.8880848
Total energy = -73.8843555
WRITING CUBE OUTPUT...
