../hfcpp -s NH3.xyz -b ../6-311+g\*\*.d2k -n 5 -d nh3_d.cube -w nh3_w.cube -o 6 --buffer 4 > nh3.log

READING STRUCTURE...
READING BASIS FUNCTIONS...
SOLVING...
CALCULATION DID CONVERGE!
Orbital Energies:
-15.0297933
 -1.1355330
 -0.6302794
 -0.6302784
 -0.4156867
  0.1033967
  0.1594805
  0.1594807
  0.1961439
  0.2713411
  0.2713417
  0.3022733
  0.6543747
  0.6543754
  0.7827043
  0.9678393
  0.9678399
  0.9998495
  1.1032669
  1.3582412
  1.3582414
  1.7590487
  1.8379127
  1.9025637
  1.9025645
  2.1395546
  2.1395558
  2.2875468
  2.5727296
  2.5727307
  2.7047810
  2.9741670
  2.9741678
  3.1690722
  3.3261849
  3.3261864
  4.0623998
  4.7719720
  4.7719762
  5.0218651
 35.0289261
HF-Energy = -66.4064437
INR-Energy = 11.8479123
Total energy = -54.5585313
WRITING CUBE OUTPUT...
